<?xml version="1.0" encoding="UTF-8"?>
<!-- Generated by org.testng.reporters.JUnitReportReporter -->
<testsuite hostname="DESKTOP-5TN5CVM" failures="0" tests="12" name="AutomationLabCodenBoxFinal.AutomationLabCodenBoxFinal.AppTest" time="10.348" errors="0" timestamp="2025-04-29T10:48:20 EET" skipped="11">
  <testcase classname="AutomationLabCodenBoxFinal.AutomationLabCodenBoxFinal.AppTest" name="IFrameTest" time="10.348"/>
  <testcase classname="AutomationLabCodenBoxFinal.AutomationLabCodenBoxFinal.AppTest" name="TestCheckbox">
    <skipped/>
  </testcase> <!-- TestCheckbox -->
  <testcase classname="AutomationLabCodenBoxFinal.AutomationLabCodenBoxFinal.AppTest" name="MouseHoverTest">
    <skipped/>
  </testcase> <!-- MouseHoverTest -->
  <testcase classname="AutomationLabCodenBoxFinal.AutomationLabCodenBoxFinal.AppTest" name="TestDynamicDDL">
    <skipped/>
  </testcase> <!-- TestDynamicDDL -->
  <testcase classname="AutomationLabCodenBoxFinal.AutomationLabCodenBoxFinal.AppTest" name="TestSwitchToAlert">
    <skipped/>
  </testcase> <!-- TestSwitchToAlert -->
  <testcase classname="AutomationLabCodenBoxFinal.AutomationLabCodenBoxFinal.AppTest" name="TestSwitchToConfirm">
    <skipped/>
  </testcase> <!-- TestSwitchToConfirm -->
  <testcase classname="AutomationLabCodenBoxFinal.AutomationLabCodenBoxFinal.AppTest" name="ElementDisplayedTest">
    <skipped/>
  </testcase> <!-- ElementDisplayedTest -->
  <testcase classname="AutomationLabCodenBoxFinal.AutomationLabCodenBoxFinal.AppTest" name="TestSwitchWindow">
    <skipped/>
  </testcase> <!-- TestSwitchWindow -->
  <testcase classname="AutomationLabCodenBoxFinal.AutomationLabCodenBoxFinal.AppTest" name="TestStaticDDL">
    <skipped/>
  </testcase> <!-- TestStaticDDL -->
  <testcase classname="AutomationLabCodenBoxFinal.AutomationLabCodenBoxFinal.AppTest" name="TestRadioBtnSelection">
    <skipped/>
  </testcase> <!-- TestRadioBtnSelection -->
  <testcase classname="AutomationLabCodenBoxFinal.AutomationLabCodenBoxFinal.AppTest" name="TableTest">
    <skipped/>
  </testcase> <!-- TableTest -->
  <testcase classname="AutomationLabCodenBoxFinal.AutomationLabCodenBoxFinal.AppTest" name="TestSwitchTab">
    <skipped/>
  </testcase> <!-- TestSwitchTab -->
</testsuite> <!-- AutomationLabCodenBoxFinal.AutomationLabCodenBoxFinal.AppTest -->
